<?xml version="1.0" encoding="UTF-8"?>
<coverage generated="1540967606535" clover="3.2.0">
  <project timestamp="1540967606536" name="All files">
    <metrics statements="12" coveredstatements="11" conditionals="5" coveredconditionals="4" methods="2" coveredmethods="2" elements="19" coveredelements="17" complexity="0" loc="12" ncloc="12" packages="1" files="1" classes="1">
      <file name="app.js" path="/Users/codingnuts/Documents/WorkSpace/5_WebStorm/Github/jest-examples/src/node/app.js">
        <metrics statements="12" coveredstatements="11" conditionals="5" coveredconditionals="4" methods="2" coveredmethods="2"/>
        <line num="2" count="1" type="stmt"/>
        <line num="3" count="1" type="stmt"/>
        <line num="4" count="1" type="stmt"/>
        <line num="6" count="1" type="stmt"/>
        <line num="7" count="1" type="stmt"/>
        <line num="10" count="1" type="stmt"/>
        <line num="11" count="1" type="stmt"/>
        <line num="12" count="1" type="cond" truecount="4" falsecount="1"/>
        <line num="13" count="1" type="stmt"/>
        <line num="15" count="0" type="stmt"/>
        <line num="17" count="1" type="stmt"/>
        <line num="28" count="1" type="stmt"/>
      </file>
    </metrics>
  </project>
</coverage>
