{"/Users/codingnuts/Documents/WorkSpace/5_WebStorm/Github/jest-examples/src/node/app.js": {"path":"/Users/codingnuts/Documents/WorkSpace/5_WebStorm/Github/jest-examples/src/node/app.js","statementMap":{"0":{"start":{"line":2,"column":16},"end":{"line":2,"column":34}},"1":{"start":{"line":3,"column":12},"end":{"line":3,"column":21}},"2":{"start":{"line":4,"column":12},"end":{"line":4,"column":26}},"3":{"start":{"line":6,"column":0},"end":{"line":8,"column":2}},"4":{"start":{"line":7,"column":1},"end":{"line":7,"column":37}},"5":{"start":{"line":10,"column":0},"end":{"line":18,"column":2}},"6":{"start":{"line":11,"column":14},"end":{"line":11,"column":44}},"7":{"start":{"line":12,"column":1},"end":{"line":16,"column":2}},"8":{"start":{"line":13,"column":2},"end":{"line":13,"column":30}},"9":{"start":{"line":15,"column":2},"end":{"line":15,"column":31}},"10":{"start":{"line":17,"column":1},"end":{"line":17,"column":37}},"11":{"start":{"line":28,"column":0},"end":{"line":28,"column":20}}},"fnMap":{"0":{"name":"(anonymous_0)","decl":{"start":{"line":6,"column":13},"end":{"line":6,"column":14}},"loc":{"start":{"line":6,"column":27},"end":{"line":8,"column":1}},"line":6},"1":{"name":"(anonymous_1)","decl":{"start":{"line":10,"column":18},"end":{"line":10,"column":19}},"loc":{"start":{"line":10,"column":32},"end":{"line":18,"column":1}},"line":10}},"branchMap":{"0":{"loc":{"start":{"line":12,"column":1},"end":{"line":16,"column":2}},"type":"if","locations":[{"start":{"line":12,"column":1},"end":{"line":16,"column":2}},{"start":{"line":12,"column":1},"end":{"line":16,"column":2}}],"line":12},"1":{"loc":{"start":{"line":12,"column":4},"end":{"line":12,"column":39}},"type":"binary-expr","locations":[{"start":{"line":12,"column":4},"end":{"line":12,"column":9}},{"start":{"line":12,"column":13},"end":{"line":12,"column":20}},{"start":{"line":12,"column":24},"end":{"line":12,"column":39}}],"line":12}},"s":{"0":1,"1":1,"2":1,"3":1,"4":1,"5":1,"6":1,"7":1,"8":1,"9":0,"10":1,"11":1},"f":{"0":1,"1":1},"b":{"0":[1,0],"1":[1,1,1]},"_coverageSchema":"332fd63041d2c1bcb487cc26dd0d5f7d97098a6c","hash":"cdd964f578b1ba25d22dc71a6932a3ad7f1bb4e6"}
}
